Ricky Vila
ID: 2320586
Section 3
The file name is: DNAfile.txt
The sum is: 28
The mean is: 7
The variance is: 36.6667
The standard deviation is: 6.0553
Prob of A nucleotide is: 57.1429
Prob of C nucleotide is: 21.4286
Prob of T nucleotide is: 10.7143
Prob of G nucleotide is: 10.7143
The probability of AT is: 0
The probability of AC is: 12.5
The probability of AG is: 0
The probability of AA is: 75
The probability of TT is: 0
The probability of TA is: 0
The probability of TG is: 12.5
The probability of TC is: 0
The probability of GT is: 0
The probability of GG is: 0
The probability of GC is: 0
The probability of GA is: 0
The probability of CC is: 0
The probability of CT is: 0
The probability of CG is: 0
The probability of CA is: 0
aaaac
aaaac
aaaac

a

aaaac
aaac

aaaac
aaaaaacctg

aaaaaaaaaccctg
aaaac
aaaaaacctg
aaac

aaaaaaaaccctg
aaaac
aaaac
aaaaaaacctg

aaaaacctg
aaaaaaaaaaaccccttgg
aaaaaaacctg

aaac
aaaaaaaaaaaaccccttgg
aaaaaaacctg
aaaaaaaaaccctg
aaaac

aaaac
aa
aaaaaaacctg
aaaaaaaaccctg
aaac
aaac
aa
aaaaacctg
aaaaaaacctg
aac
aaaaaaaaccctg
aa
aaac
aaaaaacctg
aaaaaaacctg
aaaaacctg
aaaaaacctg
aaaac
aaaac
aaaaaaaaccctg
a
aaac
aaac
aaaac
aac

aaaaaaaaaccctg
aaaaaaaaaccctg
aaaac
aaaac
a
aa
aaaac
aaaac
aaac
aaaaacctg
aaac
aaaaaaaaaaaccccttgg

aaaac
aaac
aaaaaaacctg
aaaac
aaaaaaaaccctg
aaaaaaacctg
aaaaaacctg
aaaaacctg
aaaac
aaaaaaaaccctg
aaaac
aaaaac
aaaac
aaaaacctg
aaaaaaaaaaaaaacccccttgg
aaaaacctg

aaaac


aaaaaacctg
aaaac
aaaaaaaaaccctg
aaaaaacctg
aa
aaac
aaaaacctg
aaaac
aaac
aaaaacctg

aaaaaaacctg
aaaaacctg
aaaac
aaaac
aac
aaaac


aaaaaaacctg

aaaaaacctg

aac
aaaaaacctg
aaaaaaaaccctg

aaaac

aa
aaaaac
aaaaaaacctg
aa
aa
aaaaaacctg
a
aac
aaaac
aaac
aaac
aaaaaaacctg
aaaaaaaaccctg
aaaaaacctg


aaac
aaac
aaaaacctg
aaaac
aac

aaaac
aaac
a
aaaac
aaaaac
aaaac
a
aaaaaaaaccctg
aaaaac

aaac
aa
aaaaaacctg
aac
a
aaaaacctg

aaac
aaaaac
aaaaaacctg

aaaaaaaaccctg
aac
aaaac
a
a
aaac
aaaaaaaaaaccctg

aac
aaaaaaaaccctg
aaaaaaaaccctg
aaac
aaaac
aaaaaacctg
aac
aaaaac

aa
a
aa
aaac
aaaaac
aaaaaaaaccctg
aaaac
aaaaaaaaccctg
aaac

aaac

aaaaacctg

a
aaaaacctg
aaaaaaaaaaaccccttgg
aaaac
a


a
aaaaaaaaccctg
aaaaaacctg

a
aaaaaacctg
aaaaaaaaaaccctg
aaaac
aaaac
aaac
aaaaaaacctg
aaaaaacctg
aaaaaaacctg
aaaaac
aaaaacctg
aaaac


aaac



aaaaaacctg
aaaaaaacctg

aaac

aaaaaaacctg
aaaaac
aac
aaaaaaacctg
aaaaaacctg
a

aaac
aac
aaaaaaaaaaccctg


a
aaaaaaaaaaaaaaaacccccctttggg
aaac
aaaaacctg

aaaaaacctg
aac
aaaac

aaac
aaaac
aac
aa
aaaaaacctg
aaaaaaaaaccctg
aaaaaaacctg

aaaac
aa
aaaaaaacctg
aaac
aa
aaaac
aaaac

aaaaaacctg
aaaaacctg
aaac

a
aaaaaacctg
aaaaaaacctg
a
a

aaaaaaacctg
aa



aa
aaaaacctg

aaaaaaaaccctg
aaaaaaaaaaaccccttgg
a
aaaaac
aaaaaacctg
a
aaaaaacctg
aaaaac
aaaac


aac
aaaaacctg

aaaac
aaac
aaaaaacctg


aaaaac
a
aaaaaacctg

aaaaacctg
aaaaacctg
a
a

aaaac

aaaaaaaaaaaaacccccttgg
aaaac
aaaaacctg

aaaaac
aaaaaaacctg
aa
aac
aaac
aaac
aaaac
aac
aaaaaacctg
aac
aaaaacctg
aaaaacctg
aaaac
aaaaac
aaaaaaaaccctg
a
aaaaac
aaaaaaacctg

aac
aaaaaaaaccctg
aaaaacctg

aaaac
aaaaaaaaccctg


aa
aac
aaaaaaaaccctg
aaaac
aac
aaac
aaac
aaaac
aaaaaaacctg
aaaaaaaaccctg
aaaaaaacctg
aaaaaaacctg
aaaaacctg
aaaaaaaaaaaccccttgg
aaac
aaaaacctg

aaaaacctg

aaaac

aaaaaaacctg
aaac

aa
aa
aaac
aa
aaaac
a
aaaaaaaaaccctg
aa
a
aaaaaacctg
aaac

aac
aaaaacctg
aaac

aaaaaaaaaaaaccccttgg

aa
a
aaaaaaacctg

aaaaac
aaaac
a
aaaaaaaaaaaccccttgg
aaaac
aaaac
aaaaaacctg
aaac
aaaaaacctg
aaaaacctg
aaaac
aaaac
aaaaacctg
aaac
aaaaaaaaaccctg
aaaaaacctg
aaaac
aa

aa
aaaaaacctg


aaaaaaaaaccctg
aaaac

aaaaaaaaccctg
aaaaacctg

aaaaac
aaaaaacctg



aaaaacctg
aaac
aaaaac
aaaaaaaaaaaccccttgg
aaaaacctg
aaaaac

aac

aa
aaaac
aa
aaaaaaacctg
aa
aaaaaacctg
aaaac
aa
a

aaaaaaacctg
a
aaaaaaaaccctg
aaaaac
aaac

aaaaaaaaccctg
aaaaacctg
aaac
aa
aaaaaacctg

aaaaaacctg
aa
a
aaaac
a
aaaac
aaaaaacctg
a
aaaac
aaaaaaaaccctg
aaaac


aaaaaacctg
aaaaaaacctg
aaaaaacctg
aaac

aaac
aaaaaaacctg
aa
aaac

aaaac

aaaaaaacctg
a
aaaaacctg
aaaaac
aaaaaacctg
aaaaaaaaaaaaacccccttgg
aaaaacctg
aac
aaaaaaaaaaccctg
aaaac
aaaaaaaaccctg
aaaaaaaaaaccctg
aa
aaaaaacctg
aaac
aaaaacctg
aaaaac
aa

a
a
aaaaaaacctg
aaaaaacctg
a



aaaaaaaaccctg
aaaaaacctg
aaaaacctg
aaac

aaaaaacctg
aaaac
aaaaaaacctg
aaaaaaacctg
aaaaaaacctg
aaaaaaaaccctg
aaaaaacctg


aaaaaacctg
aaaac
aaaaaaaaaaaaaccccttgg
aaaaac

aaaaac
aa


aaaaacctg
aaaaac
aac
aaaaaaaaaaaccccttgg

aaaaaaaaccctg
aaaaac
aaaaac
aaaaaaaaaccctg
aaaaac
aaaaaacctg
aaaaaaaaccctg
aa
aaac
aaaaaacctg
aa
aaac
aa
aaac
a
aaaaaaaaaaaaaacccccttgg
aaaaaaaaccctg
aaac
aaac
aaac
aaaaaaaaccctg
aaaaaacctg
aaaaaaaaaaaccccttgg

aaaaaaaaaaccctg
aaaaaacctg

aaaaaaacctg
aaaaaaaaccctg
aaaaaacctg

aaaaacctg
aaaaaaaaccctg
aaaaaacctg

aaac

a
aa

aac
aaaaaaacctg
a
a
aaaaac
a
aaaaacctg
aaaaaaaaaccctg


aaaaacctg
aaaaaaaaaaccctg
a
aaaac

aaaac

a

aaaac
aaac
aac


aa
aaac
aaaaaaacctg
aa
aa
aaac
aa
aaaaaacctg
aaac
aaaaaaacctg
a
aac
aaaaacctg
aaaac
aaaaaaacctg
a
aaaaac
aaaaaaacctg
aaaaaacctg
aaac
aaaaaacctg
aaaaaaaaaaccccttgg
a
a
aaaac
aaac

aaaaaaaaaccctg
aaaaacctg

aaaaac
aa
aaaaac
aaac
aaaaac
aaaaaaaaaaaaccccttgg
aaaaaaaaaccctg
aaaaaaaaaccctg

a



aaaaaacctg
aaaaaaaaaccctg
aaaaacctg
aaaaaaaaaccctg
aaaaaaacctg
aaaaaaaaccctg
aaaaaacctg
aaaac

aa

aaac
aaaaaaaaccctg
aa
aaaaac
aa
aaaaacctg
aaaaaaaaccctg

aaaaaaaaaaaccccttgg
aaaaaacctg


aaac
aaaaacctg


aa
a
a

aaaaacctg
aaaac
aaaaaaaaaaaaaacccccttgg
aaaaaacctg
aaac
aaaaaaaaaaccctg
aaac
aaac
aaaac
aaaac
aaaaaacctg
a

aaaaaaaaaccctg
aac
aaaac

aaac
aaac

aaac
a
aaaaaaacctg

aaaaaaaaaaaaccccttgg
aaaac



aaaaaaacctg
aaac
a
aaac
aaaaac


aaaaaaaaaccctg
a
a
aaaac
a

aaaaaaaaaccctg
aaaac

aaaaacctg
aaaaacctg


aaaaaaacctg
aaaaaaaaaaaaccccttgg
aa
aaac
aaac
aaac

aaaaaaaaaccctg
aa
aaaaaaaaaaaaccccttgg

a
a
aaaac
aaaaaacctg
aac
aaaaaaacctg


aaaac
aaaaaaaaaaaaccccttgg

a
a
aaaac
aaaaaacctg
aaaaaaaaccctg
aaac
aaaaac
aaac
aaac
aa
aaaaaaacctg
aaac
aaaaacctg
a
aac
aaac

aa

a

aaaaaaaaaccctg
aaaac
aaaaaaaaaccctg
aaaac

aaaaaacctg
aaaaaaaaaaccctg
aa

aac
aaac
aaac
aaac
a
aa
aaaaaaaaaaccctg
aaaaaacctg
aaaaaacctg
aaaaac
aaaaaaacctg
a
aaaaaaacctg
aaaaaaaaccctg
aaaaaacctg
aaaac

aaaaaaaaaaaccccttgg
aaaaaaaaaccctg
a
aaaaaacctg
aaaaac

aaac

aaaaaaaaccctg
aaaaaaacctg
a
aaaac
a
aaaac
aaaaaacctg
aaaac
aaaaacctg
aaaaaaaaccctg
aaaaaaaaaaccctg
aaaaaaaaccctg
aaaac
aa
aaaaaaaaccctg
aaaaaaaaccctg
aaaac
aaac
aaaaaaacctg
aaaaaaaaaccctg
aaaaaaacctg

aaaaaacctg

aaaaacctg
aaaaaaacctg
aaac
aaaaaacctg
aaaaac
aaac
aac
aaaaacctg
aaaaaaacctg
aaaaaaaaccctg
aaac
aaac
aaaaaaacctg
aaaaacctg

aaaaaaaaccctg
aaaaaaaaccctg
aaaac
aaaaacctg
aaac

aaaaacctg
aaaaaaaaaccctg

aaac
aaaaaaaaccctg
aaac
aaaaacctg
aaaaaaacctg




aaaaacctg
a

aaaaaaaaaaaaccccttgg
aaaaaacctg
aaaaac
aaaaaacctg
aaaaaacctg
aaaaac
aaaaaaacctg
a
aaaaaaaaaaccctg
aaac
aa
aaac

aaac
aaaac
aaaaaaaaccctg
aaaac
aaaaaacctg
aaac
aaac
aa
aaaaaaacctg
aaac
aaaaacctg
aaaaacctg
aa
aaaaaacctg


aaaaaaacctg
aaac
aa
aaaaacctg

aaaac

aaaac
aaac
aa
aa
aaac
aaaac

aaac
aaaaaaaaccctg


aaaaacctg
aaaaaacctg

aaac
aaac
aaaaacctg
aaaaaaacctg
a
a
aaaac
aaaaaaaaaaaccccttgg


aaac
aaaaaaaaaaaaacccccttgg
aaaaaaacctg
aaaaaaacctg
aaac


aaaaac
a
a
aaaaaaaaaaaaaccccttgg
aaaaacctg
aaaaaacctg
aaaaaaaaaaaaaacccccttgg
a
aaaaaaacctg

aaac
aaaaaaaaccctg
aaaaaaacctg
a
aaaaacctg

aaac
aaac
aaaaaacctg
aaaaaacctg
aa
aaaac
a
aaaaaaaaaaaccccttgg
aaaaaaacctg
aaaaacctg
aaaaaaaaccctg

aaaaaaaaaaccccttgg
aaaaaaacctg
aaaaaaacctg
aaaaaacctg
aaaaaacctg
aaac
aa
a
aac

a
aaaaaaaaccctg
aaaaaaacctg
aaaaaaaaaaccctg
aac
aaaaaaacctg
a
aac
aaaaac
a
a
aaaaaaaaaccctg
aaaaaaacctg
aaaaac
aaaaaaaaaccctg
aaaaaaacctg
aaaaaaaaccctg
aaaaaaaaaaccctg
aaac
aaaaaaaaaccctg
aaac
aaaac
aaaaaacctg
aaaac
aaac
aaaaac
aaaaaaaaaaccctg

aaaaacctg
aaaaaacctg
aaaac

aaaac
aaaaacctg
aa
aaaaaaacctg
Ricky Vila
ID: 2320586
Section 3
The file name is: DNAfile2.txt
The sum is: 42
The mean is: 10
The variance is: 2
The standard deviation is: 1.41421
Prob of A nucleotide is: 28.5714
Prob of C nucleotide is: 23.8095
Prob of T nucleotide is: 19.0476
Prob of G nucleotide is: 28.5714
The probability of AT is: 0
The probability of AC is: 50
The probability of AG is: 0
The probability of AA is: 100
The probability of TT is: 0
The probability of TA is: 0
The probability of TG is: 50
The probability of TC is: 0
The probability of GT is: 0
The probability of GG is: 16.6667
The probability of GC is: 0
The probability of GA is: 16.6667
The probability of CC is: 0
The probability of CT is: 0
The probability of CG is: 0
The probability of CA is: 0
aaaccttggg
aaaccttggg
aaaccttggg
aacctgg
aaaccttggg
aacctgg
aactgg
aaaccttggg
aaaccttggg
aaaccttggg
aacctgg
aaacccttggg
aacctgg
aacctgg
aaaccttggg
aaaccttggg
aacctgg
aaacccttggg
aacctgg
aacctgg
aacctgg
aacctgg
aaacccttggg
aacctgg
aacctgg
aacctgg
aacctgg
aacctgg
aactgg
aaaccttggg
aaaccttggg
aactgg
aacctgg
aaaccttggg
actg
aacctgg
aacctgg
aaaccttggg
aaaccttggg
aacctgg
aacctgg
aaaccttggg
aaaccttggg
aacctgg
aacctgg
aaaccttggg
aaaccttggg
aacctgg
aaaccttggg
aacctgg
aaaccttggg
aacctgg
aaaccttggg
aacctgg
aactgg
aaaccttggg
aaaccttggg
aacctgg
aaacccttggg
aactgg
aaaccttggg
aactgg
aacctgg
aaaccttggg
aaaccttggg
aacctgg
aacctgg
aacctgg
aacctgg
aacctgg
aactgg
aacctgg
aaaccttggg
aacctgg
aaaccttggg
aaaccttggg
aacctgg
aactgg
aaaccttggg
aacctgg
aaaccttggg
aaaccttggg
aacctgg
aaaccttggg
aacctgg
aacctgg
aactgg
aaaccttggg
aacctgg
aacctgg
aaacccttggg
aacctgg
aaaccttggg
aaaccttggg
aaacccttggg
aacctgg
aactgg
aacctgg
aacctgg
aacctgg
aacctgg
aacctgg
aacctgg
aacctgg
aacctgg
aacctgg
aaaccttggg
aaaccttggg
aacctgg
aaaccttggg
aaaccttggg
aaaccttggg
aaaccttggg
aacctgg
aacctgg
aaaccttggg
aacctgg
aacctgg
aacctgg
aacctgg
aacctgg
aaaccttggg
aactgg
aaaccttggg
aacctgg
aaacccttggg
aacctgg
aaaccttggg
aacctgg
aacctgg
aaaccttggg
aaaccttggg
aacctgg
aactgg
aacctgg
actg
aaaccttggg
aacctgg
aacctgg
aacctgg
aacctgg
aacctgg
aacctgg
aaaccttggg
aacctgg
aacctgg
aaaccttggg
aaaccttggg
aaaccttggg
aacctgg
aactgg
aacctgg
aacctgg
aaaccttggg
aacctgg
aacctgg
aaaccttggg
aaaccttggg
aaaccttggg
aacctgg
aactgg
aactgg
aacctgg
aaaccttggg
aaaccttggg
aacctgg
aaaccttggg
aaaccttggg
aaaccttggg
aactgg
aaaccttggg
aactgg
acg
aactgg
aactgg
aacctgg
aacctgg
aactgg
aaaccttggg
aaaccttggg
aacctgg
aaaccttggg
aaaccttggg
aaacccttggg
aacctgg
aaaccttggg
aacctgg
aacctgg
aaaccttggg
aacctgg
aacctgg
aactgg
aacctgg
aacctgg
aacctgg
aacctgg
aacctgg
aacctgg
aactgg
aacctgg
aaaccttggg
aaaccttggg
aacctgg
aacctgg
aaaccttggg
aaaccttggg
aactgg
aacctgg
aacctgg
aacctgg
aaaccttggg
actg
aactgg
aacctgg
aaacccttggg
aacctgg
aacctgg
aacctgg
aaaccttggg
aaacccttggg
aacctgg
aacctgg
aacctgg
aacctgg
aacctgg
aacctgg
aactgg
aacctgg
aacctgg
aaacccttggg
aaaccttggg
aacctgg
aactgg
aaaccttggg
aacctgg
aacctgg
aacctgg
aacctgg
aacctgg
aacctgg
aacctgg
aaacccttggg
aaaccttggg
aaaccttggg
aactgg
aaaccttggg
aaaccttggg
aacctgg
aacctgg
aaaccttggg
aactgg
aacctgg
aacctgg
aacctgg
aacctgg
aacctgg
aaaccttggg
aacctgg
aacctgg
aacctgg
aacctgg
aactgg
aacctgg
aactgg
aacctgg
aacctgg
aaaccttggg
aacctgg
aactgg
aacctgg
aacctgg
aactgg
aacctgg
aacctgg
aaaccttggg
aacctgg
aacctgg
aaaccttggg
aacctgg
aaaccttggg
aaaccttggg
aacctgg
aacctgg
aacctgg
aacctgg
aacctgg
aaaccttggg
aacctgg
aaaccttggg
aaacccttggg
aaaccttggg
aaaccttggg
aaaccttggg
aacctgg
aaaccttggg
aacctgg
aacctgg
aaaccttggg
aacctgg
aacctgg
aaaccttggg
aacctgg
aacctgg
aacctgg
aaaccttggg
aacctgg
aactgg
aactgg
aacctgg
actg
aacctgg
aacctgg
aacctgg
aacctgg
aacctgg
aacctgg
aactgg
aaaccttggg
aactgg
aactgg
aaaccttggg
aacctgg
aacctgg
aaaccttggg
aaaccttggg
aacctgg
aacctgg
aaaccttggg
aacctgg
aaaccttggg
aacctgg
aacctgg
aactgg
aaaccttggg
aacctgg
aaaccttggg
aacctgg
aacctgg
aaacccttggg
aaaccttggg
aacctgg
aaaccttggg
aaaccttggg
aaaccttggg
aactgg
aaacccttggg
aacctgg
aaaccttggg
aacctgg
aaaccttggg
aaaccttggg
aaaccttggg
aaaccttggg
aacctgg
aaaccttggg
aaaccttggg
aactgg
aacctgg
aactgg
aacctgg
aactgg
aaaccttggg
aaaccttggg
aacctgg
aacctgg
aacctgg
aaaccttggg
aactgg
aacctgg
aaaccttggg
aaaccttggg
aacctgg
aacctgg
aaaccttggg
aactgg
aacctgg
aacctgg
aacctgg
aactgg
actg
aacctgg
aaaccttggg
aaaccttggg
aaaccttggg
aacctgg
aactgg
aaaccttggg
aaaccttggg
aacctgg
aaaccttggg
aaaccttggg
aaaccttggg
aacctgg
aaaccttggg
aactgg
aaaccttggg
aaaccttggg
aacctgg
aacctgg
aacctgg
aacctgg
aactgg
aactgg
aaaccttggg
aaacccttggg
aaaccttggg
aactgg
aactgg
aacctgg
aaaccttggg
aacctgg
actg
aaaccttggg
aacctgg
aaaccttggg
aactgg
aacctgg
aaaccttggg
aaaccttggg
aaaccttggg
aacctgg
aaaccttggg
aacctgg
aacctgg
aaaccttggg
aacctgg
aacctgg
aacctgg
aaaccttggg
aaaccttggg
aaaccttggg
aacctgg
aacctgg
aacctgg
aaaccttggg
aactgg
aactgg
aaaccttggg
aacctgg
aacctgg
aaaccttggg
aacctgg
aaaccttggg
aacctgg
aacctgg
aactgg
aacctgg
aaaccttggg
aaacccttggg
aacctgg
aacctgg
aaaccttggg
aactgg
aacctgg
aacctgg
aaaccttggg
aaaccttggg
aacctgg
aacctgg
aacctgg
aaaccttggg
aaaccttggg
aacctgg
aacctgg
aaaccttggg
aacctgg
aacctgg
aacctgg
aacctgg
aacctgg
aaaccttggg
aaaccttggg
actg
aacctgg
aactgg
aacctgg
aaaccttggg
aaaccttggg
aaaccttggg
aacctgg
aaaccttggg
aacctgg
actg
aaaccttggg
aacctgg
aacctgg
aactgg
aacctgg
aacctgg
aaaccttggg
aacctgg
aacctgg
aacctgg
aaaccttggg
aacctgg
aaaccttggg
aacctgg
aacctgg
aaacccttggg
aaaccttggg
aactgg
aacctgg
aacctgg
aaaccttggg
aacctgg
aaaccttggg
aacctgg
aacctgg
aacctgg
aaaccttggg
aaaccttggg
aaaccttggg
aacctgg
aacctgg
aacctgg
aacctgg
aacctgg
actg
aacctgg
aacctgg
aacctgg
aaaccttggg
aaaccttggg
aacctgg
aacctgg
aaaccttggg
aacctgg
aaacccttggg
aacctgg
aacctgg
aacctgg
aactgg
aaaccttggg
aactgg
aacctgg
aacctgg
aacctgg
aacctgg
aaaccttggg
aacctgg
aaaccttggg
aaaccttggg
aaaccttggg
actg
aacctgg
aactgg
aaaccttggg
aacctgg
aactgg
aaaccttggg
aacctgg
aacctgg
aacctgg
aaaccttggg
aactgg
aacctgg
aacctgg
aacctgg
aacctgg
aacctgg
aaaccttggg
aaaccttggg
aacctgg
aaacccttggg
aaaccttggg
aacctgg
aacctgg
aacctgg
aaaccttggg
aaaccttggg
aacctgg
aacctgg
aaacccttggg
aacctgg
aacctgg
aaaccttggg
aacctgg
aaaccttggg
aacctgg
aacctgg
aacctgg
aacctgg
aacctgg
aacctgg
aacctgg
aactgg
aacctgg
aaaccttggg
aacctgg
aacctgg
aacctgg
aacctgg
aacctgg
aaaccttggg
aacctgg
aacctgg
aaaccttggg
aaaccttggg
aacctgg
aactgg
aacctgg
actg
aaaccttggg
aacctgg
aacctgg
aacctgg
aacctgg
aaaccttggg
aacctgg
aaaccttggg
aaaccttggg
actg
aacctgg
aacctgg
aaaccttggg
aaacccttggg
aaaccttggg
aaaccttggg
aacctgg
aaaccttggg
aaaccttggg
aaaccttggg
aacctgg
aaaccttggg
aaaccttggg
actg
aaacccttggg
aacctgg
aacctgg
aacctgg
aacctgg
aacctgg
aaaccttggg
aactgg
aactgg
aacctgg
aacctgg
aacctgg
aaaccttggg
aaaccttggg
aacctgg
aaaccttggg
aacctgg
actg
aacctgg
aacctgg
aactgg
aacctgg
aaaccttggg
aacctgg
aacctgg
aactgg
aacctgg
aacctgg
aaacccttggg
aaaccttggg
aacctgg
aaacccttggg
aaacccttggg
aaaccttggg
aacctgg
aacctgg
aaaccttggg
aaaccttggg
aactgg
aacctgg
aacctgg
aaaccttggg
aaaccttggg
aactgg
aacctgg
aactgg
actg
aaaccttggg
aaaccttggg
aaacccttggg
aactgg
aaaccttggg
aaaccttggg
aacctgg
aaaccttggg
aacctgg
aacctgg
aaaccttggg
aacctgg
aactgg
aacctgg
aaaccttggg
aacctgg
aacctgg
aacctgg
aacctgg
aacctgg
aactgg
aacctgg
aacctgg
aacctgg
aacctgg
aactgg
aaaccttggg
aactgg
aactgg
aactgg
aacctgg
aaaccttggg
aacctgg
aacctgg
aaaccttggg
aacctgg
aacctgg
aacctgg
actg
aaaccttggg
aaaccttggg
aaaccttggg
aaaccttggg
aacctgg
aacctgg
aaaccttggg
aacctgg
aaacccttggg
aactgg
aacctgg
aaaccttggg
aaaccttggg
aacctgg
aacctgg
aactgg
aaaccttggg
aactgg
aacctgg
aacctgg
aaaccttggg
aacctgg
aacctgg
aaaccttggg
aacctgg
aactgg
aaaccttggg
aaaccttggg
aaaccttggg
aaaccttggg
aaaccttggg
aacctgg
aacctgg
aacctgg
aacctgg
aacctgg
aacctgg
aaaccttggg
aaaccttggg
aacctgg
aacctgg
aacctgg
aacctgg
aacctgg
aactgg
aacctgg
aaaccttggg
aaaccttggg
aacctgg
aacctgg
aacctgg
aaacccttggg
aaaccttggg
aacctgg
aaaccttggg
aaaccttggg
aaaccttggg
aacctgg
aaaccttggg
aactgg
aacctgg
aaacccttggg
aacctgg
aacctgg
aaaccttggg
aaaccttggg
aacctgg
aacctgg
aaaccttggg
aactgg
aacctgg
aaaccttggg
aacctgg
aacctgg
aaaccttggg
aacctgg
aaaccttggg
aacctgg
aacctgg
aactgg
aacctgg
aacctgg
aactgg
aacctgg
aacctgg
aacctgg
aacctgg
aaaccttggg
aaaccttggg
aaaccttggg
actg
aacctgg
aaaccttggg
aaaccttggg
aacctgg
aacctgg
aaacccttggg
aacctgg
aaaccttggg
aaaccttggg
aaaccttggg
aacctgg
aacctgg
aaaccttggg
aaaccttggg
aacctgg
aacctgg
aacctgg
aacctgg
aacctgg
aaaccttggg
aacctgg
aacctgg
aacctgg
aacctgg
aactgg
aacctgg
aacctgg
aacctgg
aaaccttggg
aacctgg
aaaccttggg
aaaccttggg
aacctgg
aacctgg
aacctgg
aacctgg
aacctgg
aacctgg
aaacccttggg
actg
aaaccttggg
aacctgg
aactgg
aacctgg
aaaccttggg
aaaccttggg
aacctgg
aactgg
aaaccttggg
aactgg
aaaccttggg
aacctgg
aacctgg
aacctgg
aacctgg
aaaccttggg
aacctgg
aactgg
aaaccttggg
aaacccttggg
aacctgg
aaaccttggg
aaaccttggg
aaaccttggg
aactgg
aactgg
aactgg
aaaccttggg
aacctgg
aaaccttggg
aaacccttggg
aacctgg
aactgg
aaaccttggg
aaaccttggg
aacctgg
aaaccttggg
aaacccttggg
aacctgg
aacctgg
aacctgg
aaaccttggg
aacctgg
aaaccttggg
aaaccttggg
aaaccttggg
aaaccttggg
aacctgg
aaaccttggg
aaacccttggg
aaaccttggg
aactgg
aactgg
aacctgg
aacctgg
aacctgg
aacctgg
aacctgg
aacctgg
aacctgg
aaaccttggg
aaaccttggg
aaaccttggg
aaaccttggg
aacctgg
aacctgg
aaaccttggg
aactgg
aacctgg
aaaccttggg
aacctgg
aaaccttggg
aaaccttggg
aaaccttggg
aacctgg
aacctgg
aacctgg
aacctgg
aacctgg
aacctgg
aacctgg
aacctgg
aacctgg
aacctgg
aacctgg
aaaccttggg
aaaccttggg
aacctgg
aacctgg
aacctgg
aaaccttggg
aactgg
aaaccttggg
aacctgg
aaaccttggg
aactgg
aacctgg
aaaccttggg
aacctgg
aacctgg
aactgg
aaaccttggg
aactgg
aacctgg
aaaccttggg
aacctgg
aacctgg
aaaccttggg
aacctgg
aaaccttggg
aaaccttggg
aacctgg
aacctgg
aacctgg
aacctgg
aaaccttggg
aacctgg
aactgg
aactgg
aaaccttggg
aacctgg
aacctgg
aaaccttggg
aacctgg
aactgg
aacctgg
aaaccttggg
aaaccttggg
aacctgg
aactgg
aacctgg
aacctgg
aacctgg
aacctgg
aaaccttggg
aaaccttggg
aacctgg
aaaccttggg
aaaccttggg
aacctgg
aaaccttggg
aaaccttggg
aactgg
aactgg
aacctgg
aacctgg
aacctgg
aacctgg
aacctgg
aacctgg
aacctgg
aacctgg
aaaccttggg
aaaccttggg
aaaccttggg
aacctgg
aacctgg
